{"C:\\Courses\\uDemy\\react\\01-starting-setup\\01-starting-setup\\src\\App.js": {"path":"C:\\Courses\\uDemy\\react\\01-starting-setup\\01-starting-setup\\src\\App.js","statementMap":{"0":{"start":{"line":6,"column":19},"end":{"line":22,"column":1}},"1":{"start":{"line":7,"column":34},"end":{"line":7,"column":57}},"2":{"start":{"line":8,"column":26},"end":{"line":8,"column":60}},"3":{"start":{"line":10,"column":33},"end":{"line":15,"column":3}},"4":{"start":{"line":11,"column":4},"end":{"line":11,"column":51}},"5":{"start":{"line":12,"column":4},"end":{"line":14,"column":7}},"6":{"start":{"line":13,"column":6},"end":{"line":13,"column":51}},"7":{"start":{"line":16,"column":2},"end":{"line":21,"column":4}}},"fnMap":{"0":{"name":"(anonymous_0)","decl":{"start":{"line":6,"column":19},"end":{"line":6,"column":20}},"loc":{"start":{"line":6,"column":25},"end":{"line":22,"column":1}},"line":6},"1":{"name":"(anonymous_1)","decl":{"start":{"line":10,"column":33},"end":{"line":10,"column":34}},"loc":{"start":{"line":10,"column":57},"end":{"line":15,"column":3}},"line":10},"2":{"name":"(anonymous_2)","decl":{"start":{"line":12,"column":16},"end":{"line":12,"column":17}},"loc":{"start":{"line":12,"column":34},"end":{"line":14,"column":5}},"line":12}},"branchMap":{},"s":{"0":1,"1":2,"2":2,"3":2,"4":1,"5":1,"6":1,"7":2},"f":{"0":2,"1":1,"2":1},"b":{},"_coverageSchema":"1a1c01bbd47fc00a2c39e90264f33305004495a9","hash":"38b41134d61e0ccad353777d3170be9a2a7d59a1"}
,"C:\\Courses\\uDemy\\react\\01-starting-setup\\01-starting-setup\\src\\index.js": {"path":"C:\\Courses\\uDemy\\react\\01-starting-setup\\01-starting-setup\\src\\index.js","statementMap":{"0":{"start":{"line":6,"column":13},"end":{"line":6,"column":71}},"1":{"start":{"line":7,"column":0},"end":{"line":7,"column":21}}},"fnMap":{},"branchMap":{},"s":{"0":0,"1":0},"f":{},"b":{}}
,"C:\\Courses\\uDemy\\react\\01-starting-setup\\01-starting-setup\\src\\components\\Chart\\Chart.js": {"path":"C:\\Courses\\uDemy\\react\\01-starting-setup\\01-starting-setup\\src\\components\\Chart\\Chart.js","statementMap":{"0":{"start":{"line":4,"column":21},"end":{"line":17,"column":1}},"1":{"start":{"line":5,"column":2},"end":{"line":16,"column":4}},"2":{"start":{"line":8,"column":8},"end":{"line":13,"column":21}}},"fnMap":{"0":{"name":"(anonymous_0)","decl":{"start":{"line":4,"column":21},"end":{"line":4,"column":22}},"loc":{"start":{"line":4,"column":32},"end":{"line":17,"column":1}},"line":4},"1":{"name":"(anonymous_1)","decl":{"start":{"line":7,"column":28},"end":{"line":7,"column":29}},"loc":{"start":{"line":7,"column":43},"end":{"line":14,"column":7}},"line":7}},"branchMap":{},"s":{"0":0,"1":0,"2":0},"f":{"0":0,"1":0},"b":{}}
,"C:\\Courses\\uDemy\\react\\01-starting-setup\\01-starting-setup\\src\\components\\Chart\\ChartBar.js": {"path":"C:\\Courses\\uDemy\\react\\01-starting-setup\\01-starting-setup\\src\\components\\Chart\\ChartBar.js","statementMap":{},"fnMap":{},"branchMap":{},"s":{},"f":{},"b":{}}
,"C:\\Courses\\uDemy\\react\\01-starting-setup\\01-starting-setup\\src\\components\\Expenses\\ExpenseContainer.js": {"path":"C:\\Courses\\uDemy\\react\\01-starting-setup\\01-starting-setup\\src\\components\\Expenses\\ExpenseContainer.js","statementMap":{"0":{"start":{"line":7,"column":32},"end":{"line":23,"column":1}},"1":{"start":{"line":8,"column":19},"end":{"line":8,"column":33}},"2":{"start":{"line":10,"column":30},"end":{"line":12,"column":3}},"3":{"start":{"line":11,"column":4},"end":{"line":11,"column":30}},"4":{"start":{"line":14,"column":2},"end":{"line":22,"column":4}}},"fnMap":{"0":{"name":"(anonymous_0)","decl":{"start":{"line":7,"column":32},"end":{"line":7,"column":33}},"loc":{"start":{"line":7,"column":43},"end":{"line":23,"column":1}},"line":7},"1":{"name":"(anonymous_1)","decl":{"start":{"line":10,"column":30},"end":{"line":10,"column":31}},"loc":{"start":{"line":10,"column":46},"end":{"line":12,"column":3}},"line":10}},"branchMap":{},"s":{"0":1,"1":2,"2":2,"3":0,"4":2},"f":{"0":2,"1":0},"b":{},"_coverageSchema":"1a1c01bbd47fc00a2c39e90264f33305004495a9","hash":"6db17d4ca752394f773d7ff00b3db912cf6c4aa5"}
,"C:\\Courses\\uDemy\\react\\01-starting-setup\\01-starting-setup\\src\\components\\Expenses\\ExpenseContent.js": {"path":"C:\\Courses\\uDemy\\react\\01-starting-setup\\01-starting-setup\\src\\components\\Expenses\\ExpenseContent.js","statementMap":{"0":{"start":{"line":3,"column":20},"end":{"line":5,"column":1}},"1":{"start":{"line":4,"column":2},"end":{"line":4,"column":45}},"2":{"start":{"line":6,"column":16},"end":{"line":8,"column":1}},"3":{"start":{"line":7,"column":2},"end":{"line":7,"column":26}},"4":{"start":{"line":9,"column":30},"end":{"line":29,"column":1}},"5":{"start":{"line":10,"column":27},"end":{"line":12,"column":3}},"6":{"start":{"line":11,"column":4},"end":{"line":11,"column":36}},"7":{"start":{"line":13,"column":2},"end":{"line":15,"column":3}},"8":{"start":{"line":14,"column":4},"end":{"line":14,"column":39}},"9":{"start":{"line":16,"column":2},"end":{"line":28,"column":4}},"10":{"start":{"line":19,"column":8},"end":{"line":25,"column":10}}},"fnMap":{"0":{"name":"(anonymous_0)","decl":{"start":{"line":3,"column":20},"end":{"line":3,"column":21}},"loc":{"start":{"line":3,"column":39},"end":{"line":5,"column":1}},"line":3},"1":{"name":"(anonymous_1)","decl":{"start":{"line":6,"column":16},"end":{"line":6,"column":17}},"loc":{"start":{"line":6,"column":25},"end":{"line":8,"column":1}},"line":6},"2":{"name":"(anonymous_2)","decl":{"start":{"line":9,"column":30},"end":{"line":9,"column":31}},"loc":{"start":{"line":9,"column":41},"end":{"line":29,"column":1}},"line":9},"3":{"name":"(anonymous_3)","decl":{"start":{"line":10,"column":49},"end":{"line":10,"column":50}},"loc":{"start":{"line":11,"column":4},"end":{"line":11,"column":36}},"line":11},"4":{"name":"(anonymous_4)","decl":{"start":{"line":18,"column":28},"end":{"line":18,"column":29}},"loc":{"start":{"line":19,"column":8},"end":{"line":25,"column":10}},"line":19}},"branchMap":{"0":{"loc":{"start":{"line":13,"column":2},"end":{"line":15,"column":3}},"type":"if","locations":[{"start":{"line":13,"column":2},"end":{"line":15,"column":3}},{"start":{},"end":{}}],"line":13}},"s":{"0":1,"1":11,"2":1,"3":2,"4":1,"5":2,"6":11,"7":2,"8":0,"9":2,"10":3},"f":{"0":11,"1":2,"2":2,"3":11,"4":3},"b":{"0":[0,2]},"_coverageSchema":"1a1c01bbd47fc00a2c39e90264f33305004495a9","hash":"60659a74f10a84c36df581588081895925f0f982"}
,"C:\\Courses\\uDemy\\react\\01-starting-setup\\01-starting-setup\\src\\components\\Expenses\\ExpenseDate.js": {"path":"C:\\Courses\\uDemy\\react\\01-starting-setup\\01-starting-setup\\src\\components\\Expenses\\ExpenseDate.js","statementMap":{"0":{"start":{"line":3,"column":27},"end":{"line":15,"column":1}},"1":{"start":{"line":4,"column":16},"end":{"line":4,"column":69}},"2":{"start":{"line":5,"column":14},"end":{"line":5,"column":68}},"3":{"start":{"line":6,"column":15},"end":{"line":6,"column":39}},"4":{"start":{"line":8,"column":2},"end":{"line":14,"column":4}}},"fnMap":{"0":{"name":"(anonymous_0)","decl":{"start":{"line":3,"column":27},"end":{"line":3,"column":28}},"loc":{"start":{"line":3,"column":38},"end":{"line":15,"column":1}},"line":3}},"branchMap":{},"s":{"0":3,"1":8,"2":8,"3":8,"4":8},"f":{"0":8},"b":{},"_coverageSchema":"1a1c01bbd47fc00a2c39e90264f33305004495a9","hash":"d4e50deeb5231256c47429d6ec3609e35928b4b2"}
,"C:\\Courses\\uDemy\\react\\01-starting-setup\\01-starting-setup\\src\\components\\Expenses\\ExpenseItem.js": {"path":"C:\\Courses\\uDemy\\react\\01-starting-setup\\01-starting-setup\\src\\components\\Expenses\\ExpenseItem.js","statementMap":{"0":{"start":{"line":6,"column":27},"end":{"line":16,"column":1}},"1":{"start":{"line":7,"column":2},"end":{"line":15,"column":4}}},"fnMap":{"0":{"name":"(anonymous_0)","decl":{"start":{"line":6,"column":27},"end":{"line":6,"column":28}},"loc":{"start":{"line":6,"column":38},"end":{"line":16,"column":1}},"line":6}},"branchMap":{},"s":{"0":2,"1":5},"f":{"0":5},"b":{},"_coverageSchema":"1a1c01bbd47fc00a2c39e90264f33305004495a9","hash":"4e346e9939906bfbb2fedbc0a2709751f99092d4"}
,"C:\\Courses\\uDemy\\react\\01-starting-setup\\01-starting-setup\\src\\components\\Expenses\\ExpensesFilter.js": {"path":"C:\\Courses\\uDemy\\react\\01-starting-setup\\01-starting-setup\\src\\components\\Expenses\\ExpensesFilter.js","statementMap":{"0":{"start":{"line":3,"column":30},"end":{"line":21,"column":1}},"1":{"start":{"line":4,"column":26},"end":{"line":6,"column":3}},"2":{"start":{"line":5,"column":4},"end":{"line":5,"column":43}},"3":{"start":{"line":7,"column":2},"end":{"line":20,"column":4}}},"fnMap":{"0":{"name":"(anonymous_0)","decl":{"start":{"line":3,"column":30},"end":{"line":3,"column":31}},"loc":{"start":{"line":3,"column":41},"end":{"line":21,"column":1}},"line":3},"1":{"name":"(anonymous_1)","decl":{"start":{"line":4,"column":26},"end":{"line":4,"column":27}},"loc":{"start":{"line":4,"column":37},"end":{"line":6,"column":3}},"line":4}},"branchMap":{},"s":{"0":2,"1":4,"2":0,"3":4},"f":{"0":4,"1":0},"b":{},"_coverageSchema":"1a1c01bbd47fc00a2c39e90264f33305004495a9","hash":"7872e31fbeb921fe0b1e5ed162f18236559a9c90"}
,"C:\\Courses\\uDemy\\react\\01-starting-setup\\01-starting-setup\\src\\components\\NewExpense\\ExpenseForm.js": {"path":"C:\\Courses\\uDemy\\react\\01-starting-setup\\01-starting-setup\\src\\components\\NewExpense\\ExpenseForm.js","statementMap":{"0":{"start":{"line":4,"column":27},"end":{"line":80,"column":1}},"1":{"start":{"line":5,"column":42},"end":{"line":5,"column":54}},"2":{"start":{"line":6,"column":44},"end":{"line":6,"column":56}},"3":{"start":{"line":7,"column":40},"end":{"line":7,"column":52}},"4":{"start":{"line":9,"column":29},"end":{"line":11,"column":3}},"5":{"start":{"line":10,"column":4},"end":{"line":10,"column":40}},"6":{"start":{"line":12,"column":30},"end":{"line":14,"column":3}},"7":{"start":{"line":13,"column":4},"end":{"line":13,"column":41}},"8":{"start":{"line":16,"column":28},"end":{"line":18,"column":3}},"9":{"start":{"line":17,"column":4},"end":{"line":17,"column":39}},"10":{"start":{"line":20,"column":24},"end":{"line":32,"column":3}},"11":{"start":{"line":21,"column":4},"end":{"line":21,"column":27}},"12":{"start":{"line":23,"column":24},"end":{"line":27,"column":5}},"13":{"start":{"line":28,"column":4},"end":{"line":28,"column":41}},"14":{"start":{"line":29,"column":4},"end":{"line":29,"column":24}},"15":{"start":{"line":30,"column":4},"end":{"line":30,"column":25}},"16":{"start":{"line":31,"column":4},"end":{"line":31,"column":23}},"17":{"start":{"line":34,"column":2},"end":{"line":79,"column":4}}},"fnMap":{"0":{"name":"(anonymous_0)","decl":{"start":{"line":4,"column":27},"end":{"line":4,"column":28}},"loc":{"start":{"line":4,"column":38},"end":{"line":80,"column":1}},"line":4},"1":{"name":"(anonymous_1)","decl":{"start":{"line":9,"column":29},"end":{"line":9,"column":30}},"loc":{"start":{"line":9,"column":40},"end":{"line":11,"column":3}},"line":9},"2":{"name":"(anonymous_2)","decl":{"start":{"line":12,"column":30},"end":{"line":12,"column":31}},"loc":{"start":{"line":12,"column":41},"end":{"line":14,"column":3}},"line":12},"3":{"name":"(anonymous_3)","decl":{"start":{"line":16,"column":28},"end":{"line":16,"column":29}},"loc":{"start":{"line":16,"column":39},"end":{"line":18,"column":3}},"line":16},"4":{"name":"(anonymous_4)","decl":{"start":{"line":20,"column":24},"end":{"line":20,"column":25}},"loc":{"start":{"line":20,"column":35},"end":{"line":32,"column":3}},"line":20}},"branchMap":{},"s":{"0":1,"1":14,"2":14,"3":14,"4":14,"5":10,"6":14,"7":1,"8":14,"9":1,"10":14,"11":1,"12":1,"13":1,"14":1,"15":1,"16":1,"17":14},"f":{"0":14,"1":10,"2":1,"3":1,"4":1},"b":{},"_coverageSchema":"1a1c01bbd47fc00a2c39e90264f33305004495a9","hash":"a4bb405680354846c4d5efc6b89342993d3faf3b"}
,"C:\\Courses\\uDemy\\react\\01-starting-setup\\01-starting-setup\\src\\components\\NewExpense\\NewExpense.js": {"path":"C:\\Courses\\uDemy\\react\\01-starting-setup\\01-starting-setup\\src\\components\\NewExpense\\NewExpense.js","statementMap":{"0":{"start":{"line":5,"column":26},"end":{"line":39,"column":1}},"1":{"start":{"line":6,"column":32},"end":{"line":6,"column":47}},"2":{"start":{"line":8,"column":33},"end":{"line":14,"column":3}},"3":{"start":{"line":9,"column":24},"end":{"line":12,"column":5}},"4":{"start":{"line":13,"column":4},"end":{"line":13,"column":39}},"5":{"start":{"line":16,"column":27},"end":{"line":18,"column":3}},"6":{"start":{"line":17,"column":4},"end":{"line":17,"column":20}},"7":{"start":{"line":20,"column":20},"end":{"line":22,"column":3}},"8":{"start":{"line":21,"column":4},"end":{"line":21,"column":21}},"9":{"start":{"line":24,"column":2},"end":{"line":38,"column":4}}},"fnMap":{"0":{"name":"(anonymous_0)","decl":{"start":{"line":5,"column":26},"end":{"line":5,"column":27}},"loc":{"start":{"line":5,"column":37},"end":{"line":39,"column":1}},"line":5},"1":{"name":"(anonymous_1)","decl":{"start":{"line":8,"column":33},"end":{"line":8,"column":34}},"loc":{"start":{"line":8,"column":57},"end":{"line":14,"column":3}},"line":8},"2":{"name":"(anonymous_2)","decl":{"start":{"line":16,"column":27},"end":{"line":16,"column":28}},"loc":{"start":{"line":16,"column":33},"end":{"line":18,"column":3}},"line":16},"3":{"name":"(anonymous_3)","decl":{"start":{"line":20,"column":20},"end":{"line":20,"column":21}},"loc":{"start":{"line":20,"column":26},"end":{"line":22,"column":3}},"line":20}},"branchMap":{"0":{"loc":{"start":{"line":26,"column":7},"end":{"line":31,"column":7}},"type":"binary-expr","locations":[{"start":{"line":26,"column":7},"end":{"line":26,"column":15}},{"start":{"line":27,"column":8},"end":{"line":30,"column":10}}],"line":26},"1":{"loc":{"start":{"line":32,"column":7},"end":{"line":36,"column":7}},"type":"binary-expr","locations":[{"start":{"line":32,"column":7},"end":{"line":32,"column":16}},{"start":{"line":33,"column":8},"end":{"line":35,"column":14}}],"line":32}},"s":{"0":1,"1":3,"2":3,"3":1,"4":1,"5":3,"6":1,"7":3,"8":0,"9":3},"f":{"0":3,"1":1,"2":1,"3":0},"b":{"0":[3,2],"1":[3,1]},"_coverageSchema":"1a1c01bbd47fc00a2c39e90264f33305004495a9","hash":"d0da0d13e8abcb4a0283ca02592831cd4a9f5a01"}
,"C:\\Courses\\uDemy\\react\\01-starting-setup\\01-starting-setup\\src\\components\\UI\\Card.js": {"path":"C:\\Courses\\uDemy\\react\\01-starting-setup\\01-starting-setup\\src\\components\\UI\\Card.js","statementMap":{"0":{"start":{"line":3,"column":20},"end":{"line":6,"column":1}},"1":{"start":{"line":4,"column":18},"end":{"line":4,"column":43}},"2":{"start":{"line":5,"column":2},"end":{"line":5,"column":57}}},"fnMap":{"0":{"name":"(anonymous_0)","decl":{"start":{"line":3,"column":20},"end":{"line":3,"column":21}},"loc":{"start":{"line":3,"column":31},"end":{"line":6,"column":1}},"line":3}},"branchMap":{},"s":{"0":2,"1":7,"2":7},"f":{"0":7},"b":{},"_coverageSchema":"1a1c01bbd47fc00a2c39e90264f33305004495a9","hash":"2ec9792d46dd82f13fd8ae9e99a8ef3e886745a7"}
,"C:\\Courses\\uDemy\\react\\01-starting-setup\\01-starting-setup\\src\\data\\expenses.js": {"path":"C:\\Courses\\uDemy\\react\\01-starting-setup\\01-starting-setup\\src\\data\\expenses.js","statementMap":{"0":{"start":{"line":1,"column":29},"end":{"line":27,"column":1}}},"fnMap":{},"branchMap":{},"s":{"0":1},"f":{},"b":{},"_coverageSchema":"1a1c01bbd47fc00a2c39e90264f33305004495a9","hash":"90d5d8eeee398a017a2371dc3aaa89ce4983b459"}
,"C:\\Courses\\uDemy\\react\\01-starting-setup\\01-starting-setup\\src\\utilities\\utilities.js": {"path":"C:\\Courses\\uDemy\\react\\01-starting-setup\\01-starting-setup\\src\\utilities\\utilities.js","statementMap":{},"fnMap":{},"branchMap":{},"s":{},"f":{},"b":{}}
}
